<?xml version="1.0" encoding="UTF-8"?>
<testng-results ignored="0" total="6" passed="6" failed="0" skipped="0">
  <reporter-output>
  </reporter-output>
  <suite started-at="2022-01-03T11:06:48Z" name="Suite" finished-at="2022-01-03T11:06:48Z" duration-ms="24">
    <groups>
    </groups>
    <test started-at="2022-01-03T11:06:48Z" name="Test" finished-at="2022-01-03T11:06:48Z" duration-ms="24">
      <class name="qaclickacademy.AppiumTest">
        <test-method signature="IOSApps()[pri:0, instance:qaclickacademy.AppiumTest@1068e947]" started-at="2022-01-03T16:36:48Z" name="IOSApps" finished-at="2022-01-03T16:36:48Z" duration-ms="0" status="PASS">
          <reporter-output>
          </reporter-output>
        </test-method> <!-- IOSApps -->
        <test-method signature="NativeAPpAndroid()[pri:0, instance:qaclickacademy.AppiumTest@1068e947]" started-at="2022-01-03T16:36:48Z" name="NativeAPpAndroid" finished-at="2022-01-03T16:36:48Z" duration-ms="0" status="PASS">
          <reporter-output>
          </reporter-output>
        </test-method> <!-- NativeAPpAndroid -->
      </class> <!-- qaclickacademy.AppiumTest -->
      <class name="qaclickacademy.RESTAPITest">
        <test-method signature="postJira()[pri:0, instance:qaclickacademy.RESTAPITest@2f8f5f62]" started-at="2022-01-03T16:36:48Z" name="postJira" finished-at="2022-01-03T16:36:48Z" duration-ms="1" status="PASS">
          <reporter-output>
          </reporter-output>
        </test-method> <!-- postJira -->
        <test-method signature="deleteTwitter()[pri:0, instance:qaclickacademy.RESTAPITest@2f8f5f62]" started-at="2022-01-03T16:36:48Z" name="deleteTwitter" finished-at="2022-01-03T16:36:48Z" duration-ms="0" status="PASS">
          <reporter-output>
          </reporter-output>
        </test-method> <!-- deleteTwitter -->
      </class> <!-- qaclickacademy.RESTAPITest -->
      <class name="qaclickacademy.SeleniumTest">
        <test-method signature="BrowserAUtomation()[pri:0, instance:qaclickacademy.SeleniumTest@4b53f538]" started-at="2022-01-03T16:36:48Z" name="BrowserAUtomation" finished-at="2022-01-03T16:36:48Z" duration-ms="9" status="PASS">
          <reporter-output>
          </reporter-output>
        </test-method> <!-- BrowserAUtomation -->
        <test-method signature="elementsUi()[pri:0, instance:qaclickacademy.SeleniumTest@4b53f538]" started-at="2022-01-03T16:36:48Z" name="elementsUi" finished-at="2022-01-03T16:36:48Z" duration-ms="0" status="PASS">
          <reporter-output>
          </reporter-output>
        </test-method> <!-- elementsUi -->
      </class> <!-- qaclickacademy.SeleniumTest -->
    </test> <!-- Test -->
  </suite> <!-- Suite -->
</testng-results>
